<?xml version="1.0" encoding="UTF-8"?>
<testng-results ignored="0" total="2" passed="2" failed="0" skipped="0">
  <reporter-output>
  </reporter-output>
  <suite started-at="2018-03-20T13:52:14Z" name="Default suite" finished-at="2018-03-20T13:52:17Z" duration-ms="2957">
    <groups>
    </groups>
    <test started-at="2018-03-20T13:52:14Z" name="Default test" finished-at="2018-03-20T13:52:17Z" duration-ms="2957">
      <class name="getRequest.GetData">
        <test-method signature="testResponseCode()[pri:1, instance:getRequest.GetData@4e50c791]" started-at="2018-03-20T13:52:14Z" name="testResponseCode" finished-at="2018-03-20T13:52:16Z" duration-ms="2248" status="PASS">
          <reporter-output>
          </reporter-output>
        </test-method> <!-- testResponseCode -->
        <test-method signature="testBody()[pri:2, instance:getRequest.GetData@4e50c791]" started-at="2018-03-20T13:52:16Z" name="testBody" finished-at="2018-03-20T13:52:17Z" duration-ms="647" status="PASS">
          <reporter-output>
          </reporter-output>
        </test-method> <!-- testBody -->
      </class> <!-- getRequest.GetData -->
    </test> <!-- Default test -->
  </suite> <!-- Default suite -->
</testng-results>
